{"/Users/suryadisukisna/Documents/test-online-pajak/script.js": {"path":"/Users/suryadisukisna/Documents/test-online-pajak/script.js","statementMap":{"0":{"start":{"line":2,"column":18},"end":{"line":2,"column":45}},"1":{"start":{"line":3,"column":4},"end":{"line":5,"column":7}},"2":{"start":{"line":4,"column":6},"end":{"line":4,"column":43}},"3":{"start":{"line":8,"column":2},"end":{"line":8,"column":33}}},"fnMap":{"0":{"name":"filterByTerm","decl":{"start":{"line":1,"column":9},"end":{"line":1,"column":21}},"loc":{"start":{"line":1,"column":44},"end":{"line":6,"column":3}},"line":1},"1":{"name":"(anonymous_1)","decl":{"start":{"line":3,"column":27},"end":{"line":3,"column":28}},"loc":{"start":{"line":3,"column":50},"end":{"line":5,"column":5}},"line":3}},"branchMap":{},"s":{"0":2,"1":2,"2":6,"3":1},"f":{"0":2,"1":6},"b":{},"_coverageSchema":"1a1c01bbd47fc00a2c39e90264f33305004495a9","hash":"9183a41718d31587300bb48f4b799fe1af9dfcfe"}
}
